<?xml version="1.0" encoding="UTF-8"?>
<testng-results ignored="0" total="2" passed="2" failed="0" skipped="0">
  <reporter-output>
  </reporter-output>
  <suite started-at="2024-12-03T22:10:57 IST" name="Suite" finished-at="2024-12-03T22:11:20 IST" duration-ms="22464">
    <groups>
    </groups>
    <test started-at="2024-12-03T22:10:57 IST" name="SearchFlightTest" finished-at="2024-12-03T22:11:20 IST" duration-ms="22464">
      <class name="org.test.com.SearchFlightTest">
        <test-method is-config="true" signature="beforeSuite()[pri:0, instance:org.test.com.SearchFlightTest@712625fd]" started-at="2024-12-03T22:10:57 IST" name="beforeSuite" finished-at="2024-12-03T22:10:57 IST" duration-ms="194" status="PASS">
          <reporter-output>
          </reporter-output>
        </test-method> <!-- beforeSuite -->
        <test-method is-config="true" signature="setup()[pri:0, instance:org.test.com.SearchFlightTest@712625fd]" started-at="2024-12-03T22:10:57 IST" name="setup" finished-at="2024-12-03T22:10:57 IST" duration-ms="1" status="PASS">
          <reporter-output>
          </reporter-output>
        </test-method> <!-- setup -->
        <test-method is-config="true" signature="beforeTest()[pri:0, instance:org.test.com.SearchFlightTest@712625fd]" started-at="2024-12-03T22:10:57 IST" name="beforeTest" finished-at="2024-12-03T22:11:06 IST" duration-ms="9215" status="PASS">
          <reporter-output>
          </reporter-output>
        </test-method> <!-- beforeTest -->
        <test-method signature="Tc01()[pri:0, instance:org.test.com.SearchFlightTest@712625fd]" started-at="2024-12-03T22:11:06 IST" name="Tc01" finished-at="2024-12-03T22:11:08 IST" duration-ms="1191" status="PASS">
          <reporter-output>
          </reporter-output>
        </test-method> <!-- Tc01 -->
        <test-method is-config="true" signature="getResult(org.testng.ITestResult)[pri:0, instance:org.test.com.SearchFlightTest@712625fd]" started-at="2024-12-03T22:11:08 IST" name="getResult" finished-at="2024-12-03T22:11:08 IST" duration-ms="640" status="PASS">
          <params>
            <param index="0">
              <value>
                <![CDATA[[TestResult name=Tc01 status=SUCCESS method=SearchFlightTest.Tc01()[pri:0, instance:org.test.com.SearchFlightTest@712625fd] output={null}]]]>
              </value>
            </param>
          </params>
          <reporter-output>
          </reporter-output>
        </test-method> <!-- getResult -->
        <test-method is-config="true" signature="beforeTest()[pri:0, instance:org.test.com.SearchFlightTest@712625fd]" started-at="2024-12-03T22:11:08 IST" name="beforeTest" finished-at="2024-12-03T22:11:17 IST" duration-ms="8307" status="PASS">
          <reporter-output>
          </reporter-output>
        </test-method> <!-- beforeTest -->
        <test-method signature="Tc02()[pri:0, instance:org.test.com.SearchFlightTest@712625fd]" started-at="2024-12-03T22:11:17 IST" name="Tc02" finished-at="2024-12-03T22:11:19 IST" duration-ms="2778" status="PASS">
          <reporter-output>
          </reporter-output>
        </test-method> <!-- Tc02 -->
        <test-method is-config="true" signature="getResult(org.testng.ITestResult)[pri:0, instance:org.test.com.SearchFlightTest@712625fd]" started-at="2024-12-03T22:11:19 IST" name="getResult" finished-at="2024-12-03T22:11:20 IST" duration-ms="304" status="PASS">
          <params>
            <param index="0">
              <value>
                <![CDATA[[TestResult name=Tc02 status=SUCCESS method=SearchFlightTest.Tc02()[pri:0, instance:org.test.com.SearchFlightTest@712625fd] output={null}]]]>
              </value>
            </param>
          </params>
          <reporter-output>
          </reporter-output>
        </test-method> <!-- getResult -->
        <test-method is-config="true" signature="afterSuite()[pri:0, instance:org.test.com.SearchFlightTest@712625fd]" started-at="2024-12-03T22:11:20 IST" name="afterSuite" finished-at="2024-12-03T22:11:20 IST" duration-ms="329" status="PASS">
          <reporter-output>
          </reporter-output>
        </test-method> <!-- afterSuite -->
      </class> <!-- org.test.com.SearchFlightTest -->
    </test> <!-- SearchFlightTest -->
  </suite> <!-- Suite -->
</testng-results>
