<?xml version="1.0" encoding="UTF-8"?>
<testng-results ignored="0" total="1" passed="1" failed="0" skipped="0">
  <reporter-output>
  </reporter-output>
  <suite started-at="2024-11-22T21:30:05 IST" name="Default suite" finished-at="2024-11-22T21:31:15 IST" duration-ms="70190">
    <groups>
    </groups>
    <test started-at="2024-11-22T21:30:05 IST" name="Default test" finished-at="2024-11-22T21:31:15 IST" duration-ms="70190">
      <class name="org.test.com.BookingTest">
        <test-method is-config="true" signature="beforeSuite()[pri:0, instance:org.test.com.BookingTest@793f29ff]" started-at="2024-11-22T21:30:03 IST" name="beforeSuite" finished-at="2024-11-22T21:30:05 IST" duration-ms="1595" status="PASS">
          <reporter-output>
          </reporter-output>
        </test-method> <!-- beforeSuite -->
        <test-method is-config="true" signature="beforeTest()[pri:0, instance:org.test.com.BookingTest@793f29ff]" started-at="2024-11-22T21:30:05 IST" name="beforeTest" finished-at="2024-11-22T21:30:17 IST" duration-ms="12315" status="PASS">
          <reporter-output>
          </reporter-output>
        </test-method> <!-- beforeTest -->
        <test-method signature="bookOneWay()[pri:0, instance:org.test.com.BookingTest@793f29ff]" started-at="2024-11-22T21:30:17 IST" name="bookOneWay" finished-at="2024-11-22T21:31:15 IST" duration-ms="57493" status="PASS">
          <reporter-output>
          </reporter-output>
        </test-method> <!-- bookOneWay -->
        <test-method is-config="true" signature="getResult(org.testng.ITestResult)[pri:0, instance:org.test.com.BookingTest@793f29ff]" started-at="2024-11-22T21:31:15 IST" name="getResult" finished-at="2024-11-22T21:31:15 IST" duration-ms="1" status="PASS">
          <params>
            <param index="0">
              <value>
                <![CDATA[[TestResult name=bookOneWay status=SUCCESS method=BookingTest.bookOneWay()[pri:0, instance:org.test.com.BookingTest@793f29ff] output={null}]]]>
              </value>
            </param>
          </params>
          <reporter-output>
          </reporter-output>
        </test-method> <!-- getResult -->
        <test-method is-config="true" signature="afterMethod()[pri:0, instance:org.test.com.BookingTest@793f29ff]" started-at="2024-11-22T21:31:15 IST" name="afterMethod" finished-at="2024-11-22T21:31:15 IST" duration-ms="344" status="PASS">
          <reporter-output>
          </reporter-output>
        </test-method> <!-- afterMethod -->
        <test-method is-config="true" signature="afterSuite()[pri:0, instance:org.test.com.BookingTest@793f29ff]" started-at="2024-11-22T21:31:15 IST" name="afterSuite" finished-at="2024-11-22T21:31:15 IST" duration-ms="0" status="PASS">
          <reporter-output>
          </reporter-output>
        </test-method> <!-- afterSuite -->
      </class> <!-- org.test.com.BookingTest -->
    </test> <!-- Default test -->
  </suite> <!-- Default suite -->
</testng-results>
